<?xml version="1.0" encoding="UTF-8"?>
<testsuite name="com.glebow.BaseApplicationTests" tests="1" skipped="0" failures="0" errors="0" timestamp="2017-02-20T20:29:09" hostname="l-sfocy8g3qc-m.gap.com" time="0.042">
  <properties/>
  <testcase name="contextLoads" classname="com.glebow.BaseApplicationTests" time="0.042"/>
  <system-out><![CDATA[12:29:08.944 [Test worker] DEBUG org.springframework.test.context.junit4.SpringJUnit4ClassRunner - SpringJUnit4ClassRunner constructor called with [class com.glebow.BaseApplicationTests]
12:29:08.947 [Test worker] DEBUG org.springframework.test.context.BootstrapUtils - Instantiating CacheAwareContextLoaderDelegate from class [org.springframework.test.context.cache.DefaultCacheAwareContextLoaderDelegate]
12:29:08.953 [Test worker] DEBUG org.springframework.test.context.BootstrapUtils - Instantiating BootstrapContext using constructor [public org.springframework.test.context.support.DefaultBootstrapContext(java.lang.Class,org.springframework.test.context.CacheAwareContextLoaderDelegate)]
12:29:08.965 [Test worker] DEBUG org.springframework.test.context.BootstrapUtils - Instantiating TestContextBootstrapper for test class [com.glebow.BaseApplicationTests] from class [org.springframework.boot.test.context.SpringBootTestContextBootstrapper]
12:29:08.974 [Test worker] INFO org.springframework.boot.test.context.SpringBootTestContextBootstrapper - Neither @ContextConfiguration nor @ContextHierarchy found for test class [com.glebow.BaseApplicationTests], using SpringBootContextLoader
12:29:08.977 [Test worker] DEBUG org.springframework.test.context.support.AbstractContextLoader - Did not detect default resource location for test class [com.glebow.BaseApplicationTests]: class path resource [com/glebow/BaseApplicationTests-context.xml] does not exist
12:29:08.977 [Test worker] DEBUG org.springframework.test.context.support.AbstractContextLoader - Did not detect default resource location for test class [com.glebow.BaseApplicationTests]: class path resource [com/glebow/BaseApplicationTestsContext.groovy] does not exist
12:29:08.977 [Test worker] INFO org.springframework.test.context.support.AbstractContextLoader - Could not detect default resource locations for test class [com.glebow.BaseApplicationTests]: no resource found for suffixes {-context.xml, Context.groovy}.
12:29:08.978 [Test worker] INFO org.springframework.test.context.support.AnnotationConfigContextLoaderUtils - Could not detect default configuration classes for test class [com.glebow.BaseApplicationTests]: BaseApplicationTests does not declare any static, non-private, non-final, nested classes annotated with @Configuration.
12:29:09.004 [Test worker] DEBUG org.springframework.test.context.support.ActiveProfilesUtils - Could not find an 'annotation declaring class' for annotation type [org.springframework.test.context.ActiveProfiles] and class [com.glebow.BaseApplicationTests]
12:29:09.011 [Test worker] DEBUG org.springframework.core.env.StandardEnvironment - Adding [systemProperties] PropertySource with lowest search precedence
12:29:09.012 [Test worker] DEBUG org.springframework.core.env.StandardEnvironment - Adding [systemEnvironment] PropertySource with lowest search precedence
12:29:09.012 [Test worker] DEBUG org.springframework.core.env.StandardEnvironment - Initialized StandardEnvironment with PropertySources [systemProperties,systemEnvironment]
12:29:09.021 [Test worker] DEBUG org.springframework.core.io.support.PathMatchingResourcePatternResolver - Resolved classpath location [com/glebow/] to resources [URL [file:/Users/pglebow/dev/spring-boot-base/build/classes/test/com/glebow/], URL [file:/Users/pglebow/dev/spring-boot-base/build/classes/main/com/glebow/]]
12:29:09.022 [Test worker] DEBUG org.springframework.core.io.support.PathMatchingResourcePatternResolver - Looking for matching resources in directory tree [/Users/pglebow/dev/spring-boot-base/build/classes/test/com/glebow]
12:29:09.022 [Test worker] DEBUG org.springframework.core.io.support.PathMatchingResourcePatternResolver - Searching directory [/Users/pglebow/dev/spring-boot-base/build/classes/test/com/glebow] for files matching pattern [/Users/pglebow/dev/spring-boot-base/build/classes/test/com/glebow/*.class]
12:29:09.025 [Test worker] DEBUG org.springframework.core.io.support.PathMatchingResourcePatternResolver - Looking for matching resources in directory tree [/Users/pglebow/dev/spring-boot-base/build/classes/main/com/glebow]
12:29:09.025 [Test worker] DEBUG org.springframework.core.io.support.PathMatchingResourcePatternResolver - Searching directory [/Users/pglebow/dev/spring-boot-base/build/classes/main/com/glebow] for files matching pattern [/Users/pglebow/dev/spring-boot-base/build/classes/main/com/glebow/*.class]
12:29:09.025 [Test worker] DEBUG org.springframework.core.io.support.PathMatchingResourcePatternResolver - Resolved location pattern [classpath*:com/glebow/*.class] to resources [file [/Users/pglebow/dev/spring-boot-base/build/classes/test/com/glebow/BaseApplicationTests.class], file [/Users/pglebow/dev/spring-boot-base/build/classes/main/com/glebow/BaseApplication.class]]
12:29:09.063 [Test worker] DEBUG org.springframework.context.annotation.ClassPathScanningCandidateComponentProvider - Identified candidate component class: file [/Users/pglebow/dev/spring-boot-base/build/classes/main/com/glebow/BaseApplication.class]
12:29:09.064 [Test worker] INFO org.springframework.boot.test.context.SpringBootTestContextBootstrapper - Found @SpringBootConfiguration com.glebow.BaseApplication for test class com.glebow.BaseApplicationTests
12:29:09.067 [Test worker] DEBUG org.springframework.boot.test.context.SpringBootTestContextBootstrapper - @TestExecutionListeners is not present for class [com.glebow.BaseApplicationTests]: using defaults.
12:29:09.070 [Test worker] INFO org.springframework.boot.test.context.SpringBootTestContextBootstrapper - Loaded default TestExecutionListener class names from location [META-INF/spring.factories]: [org.springframework.boot.test.mock.mockito.MockitoTestExecutionListener, org.springframework.boot.test.mock.mockito.ResetMocksTestExecutionListener, org.springframework.boot.test.autoconfigure.restdocs.RestDocsTestExecutionListener, org.springframework.boot.test.autoconfigure.web.client.MockRestServiceServerResetTestExecutionListener, org.springframework.boot.test.autoconfigure.web.servlet.MockMvcPrintOnlyOnFailureTestExecutionListener, org.springframework.boot.test.autoconfigure.web.servlet.WebDriverTestExecutionListener, org.springframework.test.context.web.ServletTestExecutionListener, org.springframework.test.context.support.DirtiesContextBeforeModesTestExecutionListener, org.springframework.test.context.support.DependencyInjectionTestExecutionListener, org.springframework.test.context.support.DirtiesContextTestExecutionListener, org.springframework.test.context.transaction.TransactionalTestExecutionListener, org.springframework.test.context.jdbc.SqlScriptsTestExecutionListener]
12:29:09.076 [Test worker] INFO org.springframework.boot.test.context.SpringBootTestContextBootstrapper - Could not instantiate TestExecutionListener [org.springframework.test.context.web.ServletTestExecutionListener]. Specify custom listener classes or make the default listener classes (and their required dependencies) available. Offending class: [javax/servlet/ServletContext]
12:29:09.077 [Test worker] INFO org.springframework.boot.test.context.SpringBootTestContextBootstrapper - Could not instantiate TestExecutionListener [org.springframework.test.context.transaction.TransactionalTestExecutionListener]. Specify custom listener classes or make the default listener classes (and their required dependencies) available. Offending class: [org/springframework/transaction/interceptor/TransactionAttributeSource]
12:29:09.079 [Test worker] INFO org.springframework.boot.test.context.SpringBootTestContextBootstrapper - Could not instantiate TestExecutionListener [org.springframework.test.context.jdbc.SqlScriptsTestExecutionListener]. Specify custom listener classes or make the default listener classes (and their required dependencies) available. Offending class: [org/springframework/transaction/interceptor/TransactionAttribute]
12:29:09.079 [Test worker] INFO org.springframework.boot.test.context.SpringBootTestContextBootstrapper - Using TestExecutionListeners: [org.springframework.test.context.support.DirtiesContextBeforeModesTestExecutionListener@74d43072, org.springframework.boot.test.autoconfigure.SpringBootDependencyInjectionTestExecutionListener@56edf84e, org.springframework.test.context.support.DirtiesContextTestExecutionListener@393e1ace, org.springframework.boot.test.autoconfigure.restdocs.RestDocsTestExecutionListener@2dbb72aa, org.springframework.boot.test.autoconfigure.web.servlet.MockMvcPrintOnlyOnFailureTestExecutionListener@783990cf, org.springframework.boot.test.autoconfigure.web.client.MockRestServiceServerResetTestExecutionListener@41af380e, org.springframework.boot.test.autoconfigure.web.servlet.WebDriverTestExecutionListener@88ea29f, org.springframework.boot.test.mock.mockito.MockitoTestExecutionListener@7ed6af06, org.springframework.boot.test.mock.mockito.ResetMocksTestExecutionListener@4addf7fb]
12:29:09.081 [Test worker] DEBUG org.springframework.test.annotation.ProfileValueUtils - Retrieved @ProfileValueSourceConfiguration [null] for test class [com.glebow.BaseApplicationTests]
12:29:09.081 [Test worker] DEBUG org.springframework.test.annotation.ProfileValueUtils - Retrieved ProfileValueSource type [class org.springframework.test.annotation.SystemProfileValueSource] for class [com.glebow.BaseApplicationTests]
12:29:09.082 [Test worker] DEBUG org.springframework.test.annotation.ProfileValueUtils - Retrieved @ProfileValueSourceConfiguration [null] for test class [com.glebow.BaseApplicationTests]
12:29:09.082 [Test worker] DEBUG org.springframework.test.annotation.ProfileValueUtils - Retrieved ProfileValueSource type [class org.springframework.test.annotation.SystemProfileValueSource] for class [com.glebow.BaseApplicationTests]
12:29:09.086 [Test worker] DEBUG org.springframework.test.context.support.AbstractDirtiesContextTestExecutionListener - Before test class: context [DefaultTestContext@770d50c5 testClass = BaseApplicationTests, testInstance = [null], testMethod = [null], testException = [null], mergedContextConfiguration = [MergedContextConfiguration@31cd84df testClass = BaseApplicationTests, locations = '{}', classes = '{class com.glebow.BaseApplication}', contextInitializerClasses = '[]', activeProfiles = '{}', propertySourceLocations = '{}', propertySourceProperties = '{org.springframework.boot.test.context.SpringBootTestContextBootstrapper=true}', contextCustomizers = set[org.springframework.boot.test.context.SpringBootTestContextCustomizer@46cb9ed, org.springframework.boot.test.context.filter.ExcludeFilterContextCustomizer@4c177a9f, org.springframework.boot.test.mock.mockito.MockitoContextCustomizer@0, org.springframework.boot.test.autoconfigure.properties.PropertyMappingContextCustomizer@0, org.springframework.boot.test.autoconfigure.web.servlet.WebDriverContextCustomizerFactory$Customizer@54111e6], contextLoader = 'org.springframework.boot.test.context.SpringBootContextLoader', parent = [null]], attributes = map[[empty]]], class annotated with @DirtiesContext [false] with mode [null].
12:29:09.087 [Test worker] DEBUG org.springframework.test.annotation.ProfileValueUtils - Retrieved @ProfileValueSourceConfiguration [null] for test class [com.glebow.BaseApplicationTests]
12:29:09.087 [Test worker] DEBUG org.springframework.test.annotation.ProfileValueUtils - Retrieved ProfileValueSource type [class org.springframework.test.annotation.SystemProfileValueSource] for class [com.glebow.BaseApplicationTests]
12:29:09.088 [Test worker] DEBUG org.springframework.test.context.support.DependencyInjectionTestExecutionListener - Performing dependency injection for test context [[DefaultTestContext@770d50c5 testClass = BaseApplicationTests, testInstance = com.glebow.BaseApplicationTests@2c2c6db3, testMethod = [null], testException = [null], mergedContextConfiguration = [MergedContextConfiguration@31cd84df testClass = BaseApplicationTests, locations = '{}', classes = '{class com.glebow.BaseApplication}', contextInitializerClasses = '[]', activeProfiles = '{}', propertySourceLocations = '{}', propertySourceProperties = '{org.springframework.boot.test.context.SpringBootTestContextBootstrapper=true}', contextCustomizers = set[org.springframework.boot.test.context.SpringBootTestContextCustomizer@46cb9ed, org.springframework.boot.test.context.filter.ExcludeFilterContextCustomizer@4c177a9f, org.springframework.boot.test.mock.mockito.MockitoContextCustomizer@0, org.springframework.boot.test.autoconfigure.properties.PropertyMappingContextCustomizer@0, org.springframework.boot.test.autoconfigure.web.servlet.WebDriverContextCustomizerFactory$Customizer@54111e6], contextLoader = 'org.springframework.boot.test.context.SpringBootContextLoader', parent = [null]], attributes = map[[empty]]]].
12:29:09.105 [Test worker] DEBUG org.springframework.core.env.StandardEnvironment - Adding [systemProperties] PropertySource with lowest search precedence
12:29:09.105 [Test worker] DEBUG org.springframework.core.env.StandardEnvironment - Adding [systemEnvironment] PropertySource with lowest search precedence
12:29:09.105 [Test worker] DEBUG org.springframework.core.env.StandardEnvironment - Initialized StandardEnvironment with PropertySources [systemProperties,systemEnvironment]
12:29:09.107 [Test worker] DEBUG org.springframework.core.env.MutablePropertySources - Adding [inline] PropertySource with highest search precedence
12:29:09.110 [Test worker] DEBUG org.springframework.test.context.support.TestPropertySourceUtils - Adding inlined properties to environment: {spring.jmx.enabled=false, org.springframework.boot.test.context.SpringBootTestContextBootstrapper=true, server.port=-1}
12:29:09.110 [Test worker] DEBUG org.springframework.core.env.StandardEnvironment - Adding [Inlined Test Properties] PropertySource with highest search precedence

  .   ____          _            __ _ _
 /\\ / ___'_ __ _ _(_)_ __  __ _ \ \ \ \
( ( )\___ | '_ | '_| | '_ \/ _` | \ \ \ \
 \\/  ___)| |_)| | | | | || (_| |  ) ) ) )
  '  |____| .__|_| |_|_| |_\__, | / / / /
 =========|_|==============|___/=/_/_/_/
 :: Spring Boot ::  (v2.0.0.BUILD-SNAPSHOT)

2017-02-20 12:29:09.331  INFO 21113 --- [    Test worker] com.glebow.BaseApplicationTests          : Starting BaseApplicationTests on l-sfocy8g3qc-m.gap.com with PID 21113 (started by pglebow in /Users/pglebow/dev/spring-boot-base)
2017-02-20 12:29:09.332  INFO 21113 --- [    Test worker] com.glebow.BaseApplicationTests          : No active profile set, falling back to default profiles: default
2017-02-20 12:29:09.349  INFO 21113 --- [    Test worker] s.c.a.AnnotationConfigApplicationContext : Refreshing org.springframework.context.annotation.AnnotationConfigApplicationContext@2262cb53: startup date [Mon Feb 20 12:29:09 PST 2017]; root of context hierarchy
2017-02-20 12:29:09.653  INFO 21113 --- [    Test worker] com.glebow.BaseApplicationTests          : Started BaseApplicationTests in 0.54 seconds (JVM running for 1.193)
]]></system-out>
  <system-err><![CDATA[]]></system-err>
</testsuite>
